WARNING: Information about .sconsign.dblite may be misleading
as it can be edited after state_of_repo.log finishes running

===================================

 *** GIT STATUS ***

===================================
Last commit:

commit e5659df655beab7ca7db3fb39336873814414d49
Author: Adam Rosenberg <arosenbe@stanford.edu>
Date:   Thu Sep 7 15:02:19 2017 -0700

    #87 #86 comment out some builders in analysis/SConstruct


Files changed since last commit:


analysis/release/descriptive/plot.eps
analysis/release/descriptive/sconscript_descriptive.log
analysis/release/descriptive/table.txt
analysis/release/sconstruct.log
analysis/release/state_of_repo.log
analysis/run.py
paper_slides/release/sconstruct.log
paper_slides/release/state_of_input.log
paper_slides/release/state_of_repo.log
paper_slides/run.py
warning: LF will be replaced by CRLF in analysis/release/descriptive/sconscript_descriptive.log.
The file will have its original line endings in your working directory.

===================================

 *** FILE STATUS ***

===================================
.\config_global.yaml:
   modified on: 28 Sep 2017 11:48:17
   size of file: 285
.\run.py:
   modified on: 12 Oct 2017 15:17:15
   size of file: 519
.\SConstruct:
   modified on: 28 Sep 2017 11:48:17
   size of file: 2911
.\sconstruct.log:
   modified on: 12 Oct 2017 15:19:52
   size of file: 417
.\state_of_repo.log:
   modified on: 12 Oct 2017 15:19:52
   size of file: 984
.\build\descriptive\plot.eps:
   modified on: 12 Oct 2017 15:19:51
   size of file: 13098
.\build\descriptive\sconscript_descriptive.log:
   modified on: 12 Oct 2017 15:19:52
   size of file: 99
.\build\descriptive\table.txt:
   modified on: 12 Oct 2017 15:19:51
   size of file: 43
.\build\prepare_data\data.txt:
   modified on: 12 Oct 2017 15:17:26
   size of file: 1988897
.\build\prepare_data\sconscript_create_data.log:
   modified on: 12 Oct 2017 15:17:26
   size of file: 99
.\release\sconstruct.log:
   modified on: 12 Oct 2017 15:18:29
   size of file: 1506
.\release\state_of_repo.log:
   modified on: 12 Oct 2017 15:18:28
   size of file: 2677
.\release\descriptive\plot.eps:
   modified on: 12 Oct 2017 15:19:51
   size of file: 13098
.\release\descriptive\sconscript_descriptive.log:
   modified on: 12 Oct 2017 15:19:52
   size of file: 99
.\release\descriptive\table.txt:
   modified on: 12 Oct 2017 15:19:51
   size of file: 43
.\release\lg\data.txt:
   modified on: 12 Oct 2017 15:17:26
   size of file: 1988897
.\source\descriptive\descriptive.py:
   modified on: 28 Sep 2017 11:48:17
   size of file: 544
.\source\descriptive\SConscript:
   modified on: 28 Sep 2017 11:48:17
   size of file: 511
.\source\prepare_data\create_data.do:
   modified on: 28 Sep 2017 11:48:17
   size of file: 277
.\source\prepare_data\create_data.m:
   modified on: 28 Sep 2017 11:48:17
   size of file: 211
.\source\prepare_data\create_data.py:
   modified on: 28 Sep 2017 11:48:17
   size of file: 256
.\source\prepare_data\create_data.r:
   modified on: 28 Sep 2017 11:48:17
   size of file: 257
.\source\prepare_data\create_data.sh:
   modified on: 28 Sep 2017 11:48:17
   size of file: 83
.\source\prepare_data\SConscript:
   modified on: 28 Sep 2017 11:48:17
   size of file: 1159
