WARNING: Information about .sconsign.dblite may be misleading
as it can be edited after state_of_repo.log finishes running

===================================

 *** GIT STATUS ***

===================================
Last commit:

commit e5659df655beab7ca7db3fb39336873814414d49
Author: Adam Rosenberg <arosenbe@stanford.edu>
Date:   Thu Sep 7 15:02:19 2017 -0700

    #87 #86 comment out some builders in analysis/SConstruct


Files changed since last commit:


paper_slides/release/sconstruct.log
paper_slides/release/state_of_input.log
paper_slides/release/state_of_repo.log
paper_slides/run.py

===================================

 *** FILE STATUS ***

===================================
.\config_global.yaml:
   modified on: 28 Sep 2017 11:48:21
   size of file: 411
.\run.py:
   modified on: 11 Oct 2017 09:03:16
   size of file: 519
.\SConstruct:
   modified on: 28 Sep 2017 11:48:21
   size of file: 2690
.\sconstruct.log:
   modified on: 12 Oct 2017 15:10:35
   size of file: 304
.\state_of_input.log:
   modified on: 12 Oct 2017 15:10:26
   size of file: 147
.\state_of_repo.log:
   modified on: 12 Oct 2017 15:10:35
   size of file: 599
.\build\paper\ondeck.pdf:
   modified on: 12 Oct 2017 14:59:33
   size of file: 17959
.\build\paper\online_appendix.pdf:
   modified on: 12 Oct 2017 14:59:38
   size of file: 48526
.\build\paper\paper.pdf:
   modified on: 12 Oct 2017 14:59:45
   size of file: 59093
.\build\paper\sconscript.log:
   modified on: 12 Oct 2017 14:59:49
   size of file: 299
.\build\paper\text.pdf:
   modified on: 12 Oct 2017 14:59:48
   size of file: 17959
.\build\tables\sconscript.log:
   modified on: 12 Oct 2017 14:59:38
   size of file: 157
.\build\tables\table.lyx:
   modified on: 12 Oct 2017 14:59:38
   size of file: 4094
.\build\talk\sconscript.log:
   modified on: 12 Oct 2017 15:10:32
   size of file: 0
.\input\plot.eps:
   modified on: 28 Sep 2017 11:48:21
   size of file: 16493
.\input\table.txt:
   modified on: 28 Sep 2017 11:48:21
   size of file: 43
.\release\sconstruct.log:
   modified on: 12 Oct 2017 15:01:46
   size of file: 1525
.\release\state_of_input.log:
   modified on: 12 Oct 2017 15:01:32
   size of file: 147
.\release\state_of_repo.log:
   modified on: 12 Oct 2017 15:01:46
   size of file: 3837
.\release\paper\ondeck.pdf:
   modified on: 28 Sep 2017 11:48:21
   size of file: 18368
.\release\paper\online_appendix.pdf:
   modified on: 28 Sep 2017 11:48:21
   size of file: 45943
.\release\paper\paper.pdf:
   modified on: 28 Sep 2017 11:48:22
   size of file: 58968
.\release\paper\sconscript.log:
   modified on: 28 Sep 2017 11:48:22
   size of file: 351
.\release\paper\text.pdf:
   modified on: 28 Sep 2017 11:48:22
   size of file: 18368
.\release\talk\sconscript.log:
   modified on: 28 Sep 2017 11:48:22
   size of file: 605
.\release\talk\slides.pdf:
   modified on: 28 Sep 2017 11:48:22
   size of file: 29958
.\source\figures\figure.lyx:
   modified on: 28 Sep 2017 11:48:22
   size of file: 2337
.\source\paper\ondeck.lyx:
   modified on: 28 Sep 2017 11:48:22
   size of file: 2645
.\source\paper\online_appendix.lyx:
   modified on: 28 Sep 2017 11:48:22
   size of file: 3845
.\source\paper\paper.lyx:
   modified on: 28 Sep 2017 11:48:22
   size of file: 5612
.\source\paper\SConscript:
   modified on: 28 Sep 2017 11:48:22
   size of file: 718
.\source\paper\text.lyx:
   modified on: 28 Sep 2017 11:48:22
   size of file: 2645
.\source\paper\text.tex:
   modified on: 28 Sep 2017 11:48:22
   size of file: 1352
.\source\tables\SConscript:
   modified on: 28 Sep 2017 11:48:22
   size of file: 277
.\source\tables\table.lyx:
   modified on: 28 Sep 2017 11:48:22
   size of file: 4326
.\source\talk\SConscript:
   modified on: 28 Sep 2017 11:48:22
   size of file: 266
.\source\talk\slides.lyx:
   modified on: 28 Sep 2017 11:48:22
   size of file: 5019
